<?xml version="1.0" encoding="UTF-8"?>
<!-- Generated by org.testng.reporters.JUnitReportReporter -->
<testsuite hostname="LAPTOP-T68AKTGQ" failures="0" tests="1" name="qa.tests.TestCase1" time="15.552" errors="0" timestamp="2024-03-30T12:40:02 IST" skipped="0">
  <testcase classname="qa.tests.TestCase1" name="sampleMethodForEnteringCredentials" time="15.552"/>
</testsuite> <!-- qa.tests.TestCase1 -->
